<?xml version="1.0" encoding="UTF-8"?>
<testng-results skipped="0" failed="0" total="1" passed="1">
  <reporter-output>
  </reporter-output>
  <suite name="TestSuite" duration-ms="41238" started-at="2016-10-16T15:41:25Z" finished-at="2016-10-16T15:42:06Z">
    <groups>
    </groups>
    <test name="RegressionTests" duration-ms="41238" started-at="2016-10-16T15:41:25Z" finished-at="2016-10-16T15:42:06Z">
      <class name="com.seneca.appiumassessment.flipkart.tests.SeachandVerifyPageTests">
        <test-method status="PASS" signature="searchProduct()[pri:0, instance:com.seneca.appiumassessment.flipkart.tests.SeachandVerifyPageTests@31206beb]" name="searchProduct" duration-ms="41220" started-at="2016-10-16T21:11:25Z" finished-at="2016-10-16T21:12:06Z">
          <reporter-output>
          </reporter-output>
        </test-method> <!-- searchProduct -->
      </class> <!-- com.seneca.appiumassessment.flipkart.tests.SeachandVerifyPageTests -->
    </test> <!-- RegressionTests -->
  </suite> <!-- TestSuite -->
</testng-results>
